Using pre-set license
Built from '2020.2/release' branch; Version is '2020.2.4f1 (becced5a802b) revision 12504301'; Using compiler version '192528614'; Build Type 'Release'
OS: 'Windows 10 Enterprise; OS build 19044.1766; Version 2009; 64bit' Language: 'ca' Physical Memory: 8136 MB
BatchMode: 1, IsHumanControllingUs: 0, StartBugReporterOnCrash: 0, Is64bit: 1, IsPro: 0

 COMMAND LINE ARGUMENTS:
C:\Program Files\Unity\Hub\Editor\2020.2.4f1\Editor\Unity.exe
-adb2
-batchMode
-noUpm
-name
AssetImportWorker0
-projectPath
C:/Users/u172821/Caleidoscopio
-logFile
Logs/AssetImportWorker0.log
-srvPort
49599
Successfully changed project path to: C:/Users/u172821/Caleidoscopio
C:/Users/u172821/Caleidoscopio
Using Asset Import Pipeline V2.
Refreshing native plugins compatible for Editor in 48.70 ms, found 1 plugins.
Preloading 0 native plugins for Editor in 0.00 ms.
Initialize engine version: 2020.2.4f1 (becced5a802b)
[Subsystems] Discovering subsystems at path C:/Program Files/Unity/Hub/Editor/2020.2.4f1/Editor/Data/Resources/UnitySubsystems
[Subsystems] Discovering subsystems at path C:/Users/u172821/Caleidoscopio/Assets
GfxDevice: creating device client; threaded=0
Direct3D:
    Version:  Direct3D 11.0 [level 11.0]
    Renderer: NVIDIA GeForce GT 630 (ID=0xf00)
    Vendor:   
    VRAM:     2000 MB
    Driver:   23.21.13.8813
Initialize mono
Mono path[0] = 'C:/Program Files/Unity/Hub/Editor/2020.2.4f1/Editor/Data/Managed'
Mono path[1] = 'C:/Program Files/Unity/Hub/Editor/2020.2.4f1/Editor/Data/MonoBleedingEdge/lib/mono/unityjit'
Mono config path = 'C:/Program Files/Unity/Hub/Editor/2020.2.4f1/Editor/Data/MonoBleedingEdge/etc'
Using monoOptions --debugger-agent=transport=dt_socket,embedding=1,server=y,suspend=n,address=127.0.0.1:56804
Begin MonoManager ReloadAssembly
Registering precompiled unity dll's ...
Register platform support module: C:/Program Files/Unity/Hub/Editor/2020.2.4f1/Editor/Data/PlaybackEngines/WindowsStandaloneSupport/UnityEditor.WindowsStandalone.Extensions.dll
Registered in 0.003841 seconds.
Native extension for WindowsStandalone target not found
Refreshing native plugins compatible for Editor in 51.34 ms, found 1 plugins.
Preloading 0 native plugins for Editor in 0.00 ms.
Invoked RoslynAnalysisRunner static constructor.
RoslynAnalysisRunner will not be running.
RoslynAnalysisRunner has terminated.
Mono: successfully reloaded assembly
- Completed reload, in  1.789 seconds
Platform modules already initialized, skipping
Registering precompiled user dll's ...
Registered in 0.002278 seconds.
Begin MonoManager ReloadAssembly
Native extension for WindowsStandalone target not found
Refreshing native plugins compatible for Editor in 50.00 ms, found 1 plugins.
Preloading 0 native plugins for Editor in 0.00 ms.
Invoked RoslynAnalysisRunner static constructor.
RoslynAnalysisRunner will not be running.
RoslynAnalysisRunner has terminated.
Mono: successfully reloaded assembly
- Completed reload, in  1.248 seconds
Platform modules already initialized, skipping
========================================================================
Worker process is ready to serve import requests
Launched and connected shader compiler UnityShaderCompiler.exe after 0.05 seconds
Refreshing native plugins compatible for Editor in 0.43 ms, found 1 plugins.
Preloading 0 native plugins for Editor in 0.00 ms.
Unloading 1798 Unused Serialized files (Serialized files now loaded: 0)
System memory in use before: 85.2 MB.
System memory in use after: 85.1 MB.

Unloading 24 unused Assets to reduce memory usage. Loaded Objects now: 2240.
Total: 2.516100 ms (FindLiveObjects: 0.356900 ms CreateObjectMapping: 0.083700 ms MarkObjects: 1.906600 ms  DeleteObjects: 0.167100 ms)

========================================================================
Received Import Request.
  path: Packages/com.unity.2d.sprite/Editor/Unity.2D.Sprite.Editor.asmdef
  artifactKey: Guid(2c573e6b271651846a79655161004c5b) Importer(815301076,1909f56bfc062723c751e8b465ee728b)
Start importing Packages/com.unity.2d.sprite/Editor/Unity.2D.Sprite.Editor.asmdef using Guid(2c573e6b271651846a79655161004c5b) Importer(815301076,1909f56bfc062723c751e8b465ee728b)  -> (artifact id: 'ec82de759b4481d230011c7e6458244d') in 0.045386 seconds
  Import took 0.061389 seconds .

========================================================================
Received Import Request.
  Time since last request: 0.000295 seconds.
  path: Packages/com.unity.2d.sprite/Editor
  artifactKey: Guid(16fa2ad734f422245b86558310973ad1) Importer(815301076,1909f56bfc062723c751e8b465ee728b)
Start importing Packages/com.unity.2d.sprite/Editor using Guid(16fa2ad734f422245b86558310973ad1) Importer(815301076,1909f56bfc062723c751e8b465ee728b)  -> (artifact id: '652b948eb1685311e5bbc21f09b0295c') in 0.007454 seconds
  Import took 0.026544 seconds .

========================================================================
Received Import Request.
  Time since last request: 0.000303 seconds.
  path: Packages/com.unity.2d.sprite/package.json
  artifactKey: Guid(7dc5f1e5d04ac8549ac21802071e983b) Importer(815301076,1909f56bfc062723c751e8b465ee728b)
Start importing Packages/com.unity.2d.sprite/package.json using Guid(7dc5f1e5d04ac8549ac21802071e983b) Importer(815301076,1909f56bfc062723c751e8b465ee728b)  -> (artifact id: '422cc4fad69a07a1f291ea8462914dc0') in 0.040243 seconds
  Import took 0.043324 seconds .

========================================================================
Received Import Request.
  Time since last request: 4.401559 seconds.
  path: Assets/Scenes/my_tileset.png
  artifactKey: Guid(e7e843a089d19914196d2c2e37685d80) Importer(815301076,1909f56bfc062723c751e8b465ee728b)
Start importing Assets/Scenes/my_tileset.png using Guid(e7e843a089d19914196d2c2e37685d80) Importer(815301076,1909f56bfc062723c751e8b465ee728b)  -> (artifact id: 'ad278287e47453d83f7cf8dcd8f7ca42') in 0.105839 seconds
  Import took 0.109707 seconds .

========================================================================
Received Import Request.
  Time since last request: 84.288338 seconds.
  path: Assets/Scenes/my_tileset.png
  artifactKey: Guid(e7e843a089d19914196d2c2e37685d80) Importer(815301076,1909f56bfc062723c751e8b465ee728b)
Start importing Assets/Scenes/my_tileset.png using Guid(e7e843a089d19914196d2c2e37685d80) Importer(815301076,1909f56bfc062723c751e8b465ee728b)  -> (artifact id: '9b19b2d99203769a189bebfe0be3f92c') in 0.021263 seconds
  Import took 0.060723 seconds .

========================================================================
Received Import Request.
  Time since last request: 56.136241 seconds.
  path: Assets/Scenes/tileset
  artifactKey: Guid(a2eb3ff3ad577e34d8ca711688eac203) Importer(815301076,1909f56bfc062723c751e8b465ee728b)
Start importing Assets/Scenes/tileset using Guid(a2eb3ff3ad577e34d8ca711688eac203) Importer(815301076,1909f56bfc062723c751e8b465ee728b)  -> (artifact id: '8bbaef49fc53baff93ffc41ca79195e9') in 0.011740 seconds
  Import took 0.016783 seconds .

========================================================================
Received Import Request.
  Time since last request: 14.782386 seconds.
  path: Assets/Scenes/tileset/my_tileset.png
  artifactKey: Guid(132a41e0823afb0478060a712cccf581) Importer(815301076,1909f56bfc062723c751e8b465ee728b)
Start importing Assets/Scenes/tileset/my_tileset.png using Guid(132a41e0823afb0478060a712cccf581) Importer(815301076,1909f56bfc062723c751e8b465ee728b)  -> (artifact id: '805aa1664a4b5f6ea39316af39075587') in 0.016157 seconds
  Import took 0.038225 seconds .

========================================================================
Received Import Request.
  Time since last request: 72.250814 seconds.
  path: Assets/Scenes/tileset/my_tileset.png
  artifactKey: Guid(132a41e0823afb0478060a712cccf581) Importer(815301076,1909f56bfc062723c751e8b465ee728b)
Start importing Assets/Scenes/tileset/my_tileset.png using Guid(132a41e0823afb0478060a712cccf581) Importer(815301076,1909f56bfc062723c751e8b465ee728b)  -> (artifact id: '9c6423db53a5dde93133422071e774f2') in 0.033138 seconds
  Import took 0.036942 seconds .

========================================================================
Received Import Request.
  Time since last request: 200.424446 seconds.
  path: Assets/Scenes/tileset/my_tileset.png
  artifactKey: Guid(132a41e0823afb0478060a712cccf581) Importer(815301076,1909f56bfc062723c751e8b465ee728b)
Start importing Assets/Scenes/tileset/my_tileset.png using Guid(132a41e0823afb0478060a712cccf581) Importer(815301076,1909f56bfc062723c751e8b465ee728b)  -> (artifact id: '85dd92f7186262580cfbfe7680947648') in 0.029282 seconds
  Import took 0.033391 seconds .

========================================================================
Received Import Request.
  Time since last request: 286.321723 seconds.
  path: Assets/Scenes/tileset/my_tileset.png
  artifactKey: Guid(132a41e0823afb0478060a712cccf581) Importer(815301076,1909f56bfc062723c751e8b465ee728b)
Start importing Assets/Scenes/tileset/my_tileset.png using Guid(132a41e0823afb0478060a712cccf581) Importer(815301076,1909f56bfc062723c751e8b465ee728b)  -> (artifact id: '317dce3a22140c3d84a6e1dac9f03c8a') in 0.342138 seconds
  Import took 0.347324 seconds .

========================================================================
Received Import Request.
  Time since last request: 105.893300 seconds.
  path: Assets/Scenes/tileset/my_tileset.png
  artifactKey: Guid(132a41e0823afb0478060a712cccf581) Importer(815301076,1909f56bfc062723c751e8b465ee728b)
Start importing Assets/Scenes/tileset/my_tileset.png using Guid(132a41e0823afb0478060a712cccf581) Importer(815301076,1909f56bfc062723c751e8b465ee728b)  -> (artifact id: '56894ce9e7ed2f5a0870827121075c2e') in 0.259016 seconds
  Import took 0.265507 seconds .

========================================================================
Received Import Request.
  Time since last request: 109.468498 seconds.
  path: Assets/Scenes/tileset/my_tileset.png
  artifactKey: Guid(132a41e0823afb0478060a712cccf581) Importer(815301076,1909f56bfc062723c751e8b465ee728b)
Start importing Assets/Scenes/tileset/my_tileset.png using Guid(132a41e0823afb0478060a712cccf581) Importer(815301076,1909f56bfc062723c751e8b465ee728b)  -> (artifact id: 'e5d174006c35ae459813acf1de451167') in 0.230592 seconds
  Import took 0.235059 seconds .

========================================================================
Received Import Request.
  Time since last request: 20.644237 seconds.
  path: Assets/Scenes/tileset/my_tileset.png
  artifactKey: Guid(132a41e0823afb0478060a712cccf581) Importer(815301076,1909f56bfc062723c751e8b465ee728b)
Start importing Assets/Scenes/tileset/my_tileset.png using Guid(132a41e0823afb0478060a712cccf581) Importer(815301076,1909f56bfc062723c751e8b465ee728b)  -> (artifact id: '808fd395f3cdc6ff81c057eb322fc4a0') in 0.137463 seconds
  Import took 0.141837 seconds .

AssetImportWorkerClient::OnTransportError - code=2 error=End of file
