Using pre-set license
Built from '2021.3/staging' branch; Version is '2021.3.19f1 (c9714fde33b6) revision 13201743'; Using compiler version '192829333'; Build Type 'Release'
OS: 'Windows 10  (10.0.19044) 64bit Core' Language: 'es' Physical Memory: 16309 MB
BatchMode: 1, IsHumanControllingUs: 0, StartBugReporterOnCrash: 0, Is64bit: 1, IsPro: 1

COMMAND LINE ARGUMENTS:
C:\Program Files\Unity\Hub\Editor\2021.3.19f1\Editor\Unity.exe
-adb2
-batchMode
-noUpm
-name
AssetImportWorker0
-projectPath
C:/Users/dquin/Documents/GitHub/Caleidoscopio
-logFile
Logs/AssetImportWorker0.log
-srvPort
17861
Successfully changed project path to: C:/Users/dquin/Documents/GitHub/Caleidoscopio
C:/Users/dquin/Documents/GitHub/Caleidoscopio
[UnityMemory] Configuration Parameters - Can be set up in boot.config
    "memorysetup-bucket-allocator-granularity=16"
    "memorysetup-bucket-allocator-bucket-count=8"
    "memorysetup-bucket-allocator-block-size=33554432"
    "memorysetup-bucket-allocator-block-count=8"
    "memorysetup-main-allocator-block-size=16777216"
    "memorysetup-thread-allocator-block-size=16777216"
    "memorysetup-gfx-main-allocator-block-size=16777216"
    "memorysetup-gfx-thread-allocator-block-size=16777216"
    "memorysetup-cache-allocator-block-size=4194304"
    "memorysetup-typetree-allocator-block-size=2097152"
    "memorysetup-profiler-bucket-allocator-granularity=16"
    "memorysetup-profiler-bucket-allocator-bucket-count=8"
    "memorysetup-profiler-bucket-allocator-block-size=33554432"
    "memorysetup-profiler-bucket-allocator-block-count=8"
    "memorysetup-profiler-allocator-block-size=16777216"
    "memorysetup-profiler-editor-allocator-block-size=1048576"
    "memorysetup-temp-allocator-size-main=16777216"
    "memorysetup-job-temp-allocator-block-size=2097152"
    "memorysetup-job-temp-allocator-block-size-background=1048576"
    "memorysetup-job-temp-allocator-reduction-small-platforms=262144"
    "memorysetup-temp-allocator-size-background-worker=32768"
    "memorysetup-temp-allocator-size-job-worker=262144"
    "memorysetup-temp-allocator-size-preload-manager=33554432"
    "memorysetup-temp-allocator-size-nav-mesh-worker=65536"
    "memorysetup-temp-allocator-size-audio-worker=65536"
    "memorysetup-temp-allocator-size-cloud-worker=32768"
    "memorysetup-temp-allocator-size-gi-baking-worker=262144"
    "memorysetup-temp-allocator-size-gfx=262144"
Player connection [23144] Host "[IP] 192.168.1.33 [Port] 0 [Flags] 2 [Guid] 967010476 [EditorId] 967010476 [Version] 1048832 [Id] WindowsEditor(7,DESKTOP-6S8R2VT) [Debug] 1 [PackageName] WindowsEditor [ProjectName] Editor" joined multi-casting on [225.0.0.222:54997]...

Player connection [23144] Host "[IP] 192.168.1.33 [Port] 0 [Flags] 2 [Guid] 967010476 [EditorId] 967010476 [Version] 1048832 [Id] WindowsEditor(7,DESKTOP-6S8R2VT) [Debug] 1 [PackageName] WindowsEditor [ProjectName] Editor" joined alternative multi-casting on [225.0.0.222:34997]...

Refreshing native plugins compatible for Editor in 38.28 ms, found 3 plugins.
Preloading 0 native plugins for Editor in 0.00 ms.
Initialize engine version: 2021.3.19f1 (c9714fde33b6)
[Subsystems] Discovering subsystems at path C:/Program Files/Unity/Hub/Editor/2021.3.19f1/Editor/Data/Resources/UnitySubsystems
[Subsystems] Discovering subsystems at path C:/Users/dquin/Documents/GitHub/Caleidoscopio/Assets
GfxDevice: creating device client; threaded=0; jobified=0
Direct3D:
    Version:  Direct3D 11.0 [level 11.1]
    Renderer: NVIDIA GeForce GTX 1060 3GB (ID=0x1c02)
    Vendor:   NVIDIA
    VRAM:     2988 MB
    Driver:   31.0.15.1694
Initialize mono
Mono path[0] = 'C:/Program Files/Unity/Hub/Editor/2021.3.19f1/Editor/Data/Managed'
Mono path[1] = 'C:/Program Files/Unity/Hub/Editor/2021.3.19f1/Editor/Data/MonoBleedingEdge/lib/mono/unityjit-win32'
Mono config path = 'C:/Program Files/Unity/Hub/Editor/2021.3.19f1/Editor/Data/MonoBleedingEdge/etc'
Using monoOptions --debugger-agent=transport=dt_socket,embedding=1,server=y,suspend=n,address=127.0.0.1:56852
Begin MonoManager ReloadAssembly
Registering precompiled unity dll's ...
Register platform support module: C:/Program Files/Unity/Hub/Editor/2021.3.19f1/Editor/Data/PlaybackEngines/MacStandaloneSupport/UnityEditor.OSXStandalone.Extensions.dll
Register platform support module: C:/Program Files/Unity/Hub/Editor/2021.3.19f1/Editor/Data/PlaybackEngines/WindowsStandaloneSupport/UnityEditor.WindowsStandalone.Extensions.dll
Registered in 0.008958 seconds.
Native extension for WindowsStandalone target not found
Native extension for OSXStandalone target not found
Refreshing native plugins compatible for Editor in 35.91 ms, found 3 plugins.
Preloading 0 native plugins for Editor in 0.00 ms.
Mono: successfully reloaded assembly
- Completed reload, in  0.627 seconds
Domain Reload Profiling:
	ReloadAssembly (627ms)
		BeginReloadAssembly (77ms)
			ExecutionOrderSort (0ms)
			DisableScriptedObjects (0ms)
			BackupInstance (0ms)
			ReleaseScriptingObjects (0ms)
			CreateAndSetChildDomain (1ms)
		EndReloadAssembly (433ms)
			LoadAssemblies (75ms)
			RebuildTransferFunctionScriptingTraits (0ms)
			SetupTypeCache (101ms)
			ReleaseScriptCaches (0ms)
			RebuildScriptCaches (26ms)
			SetupLoadedEditorAssemblies (251ms)
				LogAssemblyErrors (0ms)
				InitializePlatformSupportModulesInManaged (13ms)
				SetLoadedEditorAssemblies (0ms)
				RefreshPlugins (36ms)
				BeforeProcessingInitializeOnLoad (1ms)
				ProcessInitializeOnLoadAttributes (152ms)
				ProcessInitializeOnLoadMethodAttributes (47ms)
				AfterProcessingInitializeOnLoad (0ms)
				EditorAssembliesLoaded (0ms)
			ExecutionOrderSort2 (0ms)
			AwakeInstancesAfterBackupRestoration (0ms)
Platform modules already initialized, skipping
Registering precompiled user dll's ...
Registered in 0.005446 seconds.
Begin MonoManager ReloadAssembly
Native extension for WindowsStandalone target not found
Native extension for OSXStandalone target not found
Refreshing native plugins compatible for Editor in 35.38 ms, found 3 plugins.
Preloading 0 native plugins for Editor in 0.00 ms.
Mono: successfully reloaded assembly
- Completed reload, in  0.980 seconds
Domain Reload Profiling:
	ReloadAssembly (980ms)
		BeginReloadAssembly (118ms)
			ExecutionOrderSort (0ms)
			DisableScriptedObjects (6ms)
			BackupInstance (0ms)
			ReleaseScriptingObjects (0ms)
			CreateAndSetChildDomain (22ms)
		EndReloadAssembly (734ms)
			LoadAssemblies (81ms)
			RebuildTransferFunctionScriptingTraits (0ms)
			SetupTypeCache (182ms)
			ReleaseScriptCaches (0ms)
			RebuildScriptCaches (41ms)
			SetupLoadedEditorAssemblies (383ms)
				LogAssemblyErrors (0ms)
				InitializePlatformSupportModulesInManaged (8ms)
				SetLoadedEditorAssemblies (0ms)
				RefreshPlugins (35ms)
				BeforeProcessingInitializeOnLoad (71ms)
				ProcessInitializeOnLoadAttributes (219ms)
				ProcessInitializeOnLoadMethodAttributes (38ms)
				AfterProcessingInitializeOnLoad (12ms)
				EditorAssembliesLoaded (0ms)
			ExecutionOrderSort2 (0ms)
			AwakeInstancesAfterBackupRestoration (7ms)
Platform modules already initialized, skipping
========================================================================
Worker process is ready to serve import requests
Launched and connected shader compiler UnityShaderCompiler.exe after 0.05 seconds
Refreshing native plugins compatible for Editor in 0.52 ms, found 3 plugins.
Preloading 0 native plugins for Editor in 0.00 ms.
Unloading 2137 Unused Serialized files (Serialized files now loaded: 0)
Unloading 30 unused Assets / (56.6 KB). Loaded Objects now: 2602.
Memory consumption went from 101.2 MB to 101.2 MB.
Total: 5.424900 ms (FindLiveObjects: 0.750700 ms CreateObjectMapping: 0.290800 ms MarkObjects: 4.297100 ms  DeleteObjects: 0.085500 ms)

AssetImportParameters requested are different than current active one (requested -> active):
  custom:video-decoder-ogg-theora: a1e56fd34408186e4bbccfd4996cb3dc -> 
  custom:container-muxer-webm: aa71ff27fc2769a1b78a27578f13a17b -> 
  custom:container-demuxer-webm: 4f35f7cbe854078d1ac9338744f61a02 -> 
  custom:video-encoder-webm-vp8: eb34c28f22e8b96e1ab97ce403110664 -> 
  custom:audio-encoder-webm-vorbis: bf7c407c2cedff20999df2af8eb42d56 -> 
  custom:framework-win-MediaFoundation: 216162199b28c13a410421893ffa2e32 -> 
  custom:container-demuxer-ogg: 62fdf1f143b41e24485cea50d1cbac27 -> 
  custom:video-decoder-webm-vp8: 9c59270c3fd7afecdb556c50c9e8de78 -> 
  custom:audio-decoder-ogg-vorbis: bf7c407c2cedff20999df2af8eb42d56 -> 
========================================================================
Received Import Request.
  Time since last request: 529057.559709 seconds.
  path: Assets/Scenes/my_tileset.png
  artifactKey: Guid(e7e843a089d19914196d2c2e37685d80) Importer(815301076,1909f56bfc062723c751e8b465ee728b)
Start importing Assets/Scenes/my_tileset.png using Guid(e7e843a089d19914196d2c2e37685d80) Importer(815301076,1909f56bfc062723c751e8b465ee728b)  -> (artifact id: '7659620e3578ad0bac382fb68a6de17f') in 0.128197 seconds 
========================================================================
Received Import Request.
  Time since last request: 0.000023 seconds.
  path: Assets/Scenes/Box.prefab
  artifactKey: Guid(772ee1d76459c164e9cdc1628f982214) Importer(815301076,1909f56bfc062723c751e8b465ee728b)
Start importing Assets/Scenes/Box.prefab using Guid(772ee1d76459c164e9cdc1628f982214) Importer(815301076,1909f56bfc062723c751e8b465ee728b)  -> (artifact id: '61f3c0fcc56eadce5fccc1163de7de36') in 0.046228 seconds 
========================================================================
Received Import Request.
  Time since last request: 0.000042 seconds.
  path: Assets/Scenes/Player.prefab
  artifactKey: Guid(47ca6ffa138214d03852780bcaed5217) Importer(815301076,1909f56bfc062723c751e8b465ee728b)
Start importing Assets/Scenes/Player.prefab using Guid(47ca6ffa138214d03852780bcaed5217) Importer(815301076,1909f56bfc062723c751e8b465ee728b)  -> (artifact id: 'aee2c3c7d3c9ea38f6d1db016aee137e') in 0.023233 seconds 
========================================================================
Received Import Request.
  Time since last request: 0.000015 seconds.
  path: Assets/Scenes
  artifactKey: Guid(1f5fcb3de59a7cd46b3bef5dc063a76e) Importer(815301076,1909f56bfc062723c751e8b465ee728b)
Start importing Assets/Scenes using Guid(1f5fcb3de59a7cd46b3bef5dc063a76e) Importer(815301076,1909f56bfc062723c751e8b465ee728b)  -> (artifact id: '733c066760d4621a82a169b7b8ce2293') in 0.008456 seconds 
========================================================================
Received Import Request.
  Time since last request: 0.770389 seconds.
  path: Assets/Scenes/tileset
  artifactKey: Guid(a2eb3ff3ad577e34d8ca711688eac203) Importer(815301076,1909f56bfc062723c751e8b465ee728b)
Start importing Assets/Scenes/tileset using Guid(a2eb3ff3ad577e34d8ca711688eac203) Importer(815301076,1909f56bfc062723c751e8b465ee728b)  -> (artifact id: 'ca9a1566972bda025618f5c2d526d985') in 0.006829 seconds 
========================================================================
Received Import Request.
  Time since last request: 0.462076 seconds.
  path: Assets/Scenes/scripts
  artifactKey: Guid(b3d9c376ff3a941539f826722bb87039) Importer(815301076,1909f56bfc062723c751e8b465ee728b)
Start importing Assets/Scenes/scripts using Guid(b3d9c376ff3a941539f826722bb87039) Importer(815301076,1909f56bfc062723c751e8b465ee728b)  -> (artifact id: '39c5d79a59481269c3ba057e5d3ba0ee') in 0.006072 seconds 
========================================================================
Received Import Request.
  Time since last request: 0.335428 seconds.
  path: Assets/Scenes/aminations
  artifactKey: Guid(b7ccd881be06445c3aba8b1b592cb13c) Importer(815301076,1909f56bfc062723c751e8b465ee728b)
Start importing Assets/Scenes/aminations using Guid(b7ccd881be06445c3aba8b1b592cb13c) Importer(815301076,1909f56bfc062723c751e8b465ee728b)  -> (artifact id: '305d29cb01d51eb624893a493b8541aa') in 0.007870 seconds 
========================================================================
Received Import Request.
  Time since last request: 9.009402 seconds.
  path: Assets/Scenes/esqueleto1.unity
  artifactKey: Guid(51e3247e22e1b494cb22f7843b0185fe) Importer(815301076,1909f56bfc062723c751e8b465ee728b)
Start importing Assets/Scenes/esqueleto1.unity using Guid(51e3247e22e1b494cb22f7843b0185fe) Importer(815301076,1909f56bfc062723c751e8b465ee728b)  -> (artifact id: 'a65189f2ce65f25c254c3e3dfd0e1cc4') in 0.006704 seconds 
========================================================================
Received Prepare
Registering precompiled user dll's ...
Registered in 0.004822 seconds.
Begin MonoManager ReloadAssembly
Native extension for WindowsStandalone target not found
Native extension for OSXStandalone target not found
Refreshing native plugins compatible for Editor in 0.53 ms, found 3 plugins.
Preloading 0 native plugins for Editor in 0.00 ms.
Mono: successfully reloaded assembly
- Completed reload, in  0.964 seconds
Domain Reload Profiling:
	ReloadAssembly (964ms)
		BeginReloadAssembly (131ms)
			ExecutionOrderSort (0ms)
			DisableScriptedObjects (6ms)
			BackupInstance (0ms)
			ReleaseScriptingObjects (0ms)
			CreateAndSetChildDomain (30ms)
		EndReloadAssembly (733ms)
			LoadAssemblies (84ms)
			RebuildTransferFunctionScriptingTraits (0ms)
			SetupTypeCache (183ms)
			ReleaseScriptCaches (1ms)
			RebuildScriptCaches (44ms)
			SetupLoadedEditorAssemblies (367ms)
				LogAssemblyErrors (0ms)
				InitializePlatformSupportModulesInManaged (18ms)
				SetLoadedEditorAssemblies (0ms)
				RefreshPlugins (1ms)
				BeforeProcessingInitializeOnLoad (66ms)
				ProcessInitializeOnLoadAttributes (231ms)
				ProcessInitializeOnLoadMethodAttributes (41ms)
				AfterProcessingInitializeOnLoad (11ms)
				EditorAssembliesLoaded (0ms)
			ExecutionOrderSort2 (0ms)
			AwakeInstancesAfterBackupRestoration (12ms)
Platform modules already initialized, skipping
Refreshing native plugins compatible for Editor in 2.19 ms, found 3 plugins.
Preloading 0 native plugins for Editor in 0.00 ms.
Unloading 2125 Unused Serialized files (Serialized files now loaded: 0)
Unloading 17 unused Assets / (24.6 KB). Loaded Objects now: 2617.
Memory consumption went from 104.0 MB to 104.0 MB.
Total: 2.946100 ms (FindLiveObjects: 0.153900 ms CreateObjectMapping: 0.074000 ms MarkObjects: 2.698900 ms  DeleteObjects: 0.018500 ms)

AssetImportParameters requested are different than current active one (requested -> active):
  custom:video-decoder-ogg-theora: a1e56fd34408186e4bbccfd4996cb3dc -> 
  custom:container-muxer-webm: aa71ff27fc2769a1b78a27578f13a17b -> 
  custom:container-demuxer-webm: 4f35f7cbe854078d1ac9338744f61a02 -> 
  custom:video-encoder-webm-vp8: eb34c28f22e8b96e1ab97ce403110664 -> 
  custom:audio-encoder-webm-vorbis: bf7c407c2cedff20999df2af8eb42d56 -> 
  custom:framework-win-MediaFoundation: 216162199b28c13a410421893ffa2e32 -> 
  custom:container-demuxer-ogg: 62fdf1f143b41e24485cea50d1cbac27 -> 
  custom:video-decoder-webm-vp8: 9c59270c3fd7afecdb556c50c9e8de78 -> 
  custom:audio-decoder-ogg-vorbis: bf7c407c2cedff20999df2af8eb42d56 -> 
========================================================================
Received Import Request.
  Time since last request: 103.580514 seconds.
  path: Assets/Scenes/aminations/Player.controller
  artifactKey: Guid(ebf44dce935b8400282fb17b573623b0) Importer(815301076,1909f56bfc062723c751e8b465ee728b)
Start importing Assets/Scenes/aminations/Player.controller using Guid(ebf44dce935b8400282fb17b573623b0) Importer(815301076,1909f56bfc062723c751e8b465ee728b)  -> (artifact id: '5c959ae6fcf48edd37943ef5e32705c9') in 0.019961 seconds 
========================================================================
Received Import Request.
  Time since last request: 155.206006 seconds.
  path: Assets/Scenes/aminations/run_back.anim
  artifactKey: Guid(5e90e581d5b87444c8229ac65d583987) Importer(815301076,1909f56bfc062723c751e8b465ee728b)
Start importing Assets/Scenes/aminations/run_back.anim using Guid(5e90e581d5b87444c8229ac65d583987) Importer(815301076,1909f56bfc062723c751e8b465ee728b)  -> (artifact id: '0d86729a8852edf875a595565fdb1eec') in 0.008403 seconds 
========================================================================
Received Import Request.
  Time since last request: 0.700389 seconds.
  path: Assets/Scenes/aminations/run_front.anim
  artifactKey: Guid(78acc79751f9d48eaa251693bf30a260) Importer(815301076,1909f56bfc062723c751e8b465ee728b)
Start importing Assets/Scenes/aminations/run_front.anim using Guid(78acc79751f9d48eaa251693bf30a260) Importer(815301076,1909f56bfc062723c751e8b465ee728b)  -> (artifact id: 'fa80c8adb65e5a8b7d135d648a52ac65') in 0.007620 seconds 
========================================================================
Received Import Request.
  Time since last request: 0.941766 seconds.
  path: Assets/Scenes/aminations/run_left.anim
  artifactKey: Guid(795f76806ee504015942663a9ea8df4d) Importer(815301076,1909f56bfc062723c751e8b465ee728b)
Start importing Assets/Scenes/aminations/run_left.anim using Guid(795f76806ee504015942663a9ea8df4d) Importer(815301076,1909f56bfc062723c751e8b465ee728b)  -> (artifact id: '788913d9c110dde4114d318def91fa84') in 0.006768 seconds 
========================================================================
Received Import Request.
  Time since last request: 0.442344 seconds.
  path: Assets/Scenes/aminations/run_right.anim
  artifactKey: Guid(94a097cd3ab5b462ab3facba9d578cd3) Importer(815301076,1909f56bfc062723c751e8b465ee728b)
Start importing Assets/Scenes/aminations/run_right.anim using Guid(94a097cd3ab5b462ab3facba9d578cd3) Importer(815301076,1909f56bfc062723c751e8b465ee728b)  -> (artifact id: 'e0c4d8ba9603e7c3bbd3068d36933510') in 0.006583 seconds 
========================================================================
Received Import Request.
  Time since last request: 23.524296 seconds.
  path: Assets/Scenes/aminations/idele.anim
  artifactKey: Guid(0e56080be3946414090ed21a421714d6) Importer(815301076,1909f56bfc062723c751e8b465ee728b)
Start importing Assets/Scenes/aminations/idele.anim using Guid(0e56080be3946414090ed21a421714d6) Importer(815301076,1909f56bfc062723c751e8b465ee728b)  -> (artifact id: '47b956b8ff59ef7f010a3df32bff693c') in 0.006679 seconds 
========================================================================
Received Import Request.
  Time since last request: 9.607742 seconds.
  path: Assets/Scenes/NewSurfaceShader.shader
  artifactKey: Guid(9b5fafdb5aaaa2c45a361c7745353c6c) Importer(815301076,1909f56bfc062723c751e8b465ee728b)
Start importing Assets/Scenes/NewSurfaceShader.shader using Guid(9b5fafdb5aaaa2c45a361c7745353c6c) Importer(815301076,1909f56bfc062723c751e8b465ee728b)  -> (artifact id: 'fdf56c81a0cc876e8ae40e0be66691e9') in 0.007787 seconds 
========================================================================
Received Import Request.
  Time since last request: 3.029988 seconds.
  path: Assets/Scenes/spritesheets
  artifactKey: Guid(4a9e415248e80cb4da71f331b749cdb9) Importer(815301076,1909f56bfc062723c751e8b465ee728b)
Start importing Assets/Scenes/spritesheets using Guid(4a9e415248e80cb4da71f331b749cdb9) Importer(815301076,1909f56bfc062723c751e8b465ee728b)  -> (artifact id: 'f1c848a9aedc3518fd143fbcc04b3212') in 0.007160 seconds 
========================================================================
Received Import Request.
  Time since last request: 1.410288 seconds.
  path: Assets/Scenes/spritesheets/pngkey.com-ayy-lmao-png-9325213.png
  artifactKey: Guid(efc4641c87b09424ca0a46cf7b4bc5ed) Importer(815301076,1909f56bfc062723c751e8b465ee728b)
Start importing Assets/Scenes/spritesheets/pngkey.com-ayy-lmao-png-9325213.png using Guid(efc4641c87b09424ca0a46cf7b4bc5ed) Importer(815301076,1909f56bfc062723c751e8b465ee728b)  -> (artifact id: 'a517cdab23e0eb2c7544536310a10554') in 0.070539 seconds 
========================================================================
Received Import Request.
  Time since last request: 7.119567 seconds.
  path: Assets/Scenes/spritesheets/Materials
  artifactKey: Guid(d623f7e5462a3ca42a9feb4156b362ab) Importer(815301076,1909f56bfc062723c751e8b465ee728b)
Start importing Assets/Scenes/spritesheets/Materials using Guid(d623f7e5462a3ca42a9feb4156b362ab) Importer(815301076,1909f56bfc062723c751e8b465ee728b)  -> (artifact id: '2f9a0d5dfe117a0e03a2badab83234f2') in 0.005822 seconds 
========================================================================
Received Import Request.
  Time since last request: 0.054564 seconds.
  path: Assets/Scenes/spritesheets/Materials/pngkey.com-ayy-lmao-png-9325213.mat
  artifactKey: Guid(12a926f7fd317ee4f8b5e103b1c77eb5) Importer(815301076,1909f56bfc062723c751e8b465ee728b)
Start importing Assets/Scenes/spritesheets/Materials/pngkey.com-ayy-lmao-png-9325213.mat using Guid(12a926f7fd317ee4f8b5e103b1c77eb5) Importer(815301076,1909f56bfc062723c751e8b465ee728b)  -> (artifact id: '69f3d68cfc318a09c3ce090c47a87704') in 0.043109 seconds 
========================================================================
Received Prepare
Registering precompiled user dll's ...
Registered in 0.011140 seconds.
Begin MonoManager ReloadAssembly
Native extension for WindowsStandalone target not found
Native extension for OSXStandalone target not found
Refreshing native plugins compatible for Editor in 0.55 ms, found 3 plugins.
Preloading 0 native plugins for Editor in 0.00 ms.
Mono: successfully reloaded assembly
- Completed reload, in  1.003 seconds
Domain Reload Profiling:
	ReloadAssembly (1004ms)
		BeginReloadAssembly (133ms)
			ExecutionOrderSort (0ms)
			DisableScriptedObjects (6ms)
			BackupInstance (0ms)
			ReleaseScriptingObjects (0ms)
			CreateAndSetChildDomain (35ms)
		EndReloadAssembly (756ms)
			LoadAssemblies (76ms)
			RebuildTransferFunctionScriptingTraits (0ms)
			SetupTypeCache (187ms)
			ReleaseScriptCaches (1ms)
			RebuildScriptCaches (49ms)
			SetupLoadedEditorAssemblies (385ms)
				LogAssemblyErrors (0ms)
				InitializePlatformSupportModulesInManaged (21ms)
				SetLoadedEditorAssemblies (1ms)
				RefreshPlugins (1ms)
				BeforeProcessingInitializeOnLoad (69ms)
				ProcessInitializeOnLoadAttributes (239ms)
				ProcessInitializeOnLoadMethodAttributes (42ms)
				AfterProcessingInitializeOnLoad (13ms)
				EditorAssembliesLoaded (0ms)
			ExecutionOrderSort2 (0ms)
			AwakeInstancesAfterBackupRestoration (9ms)
Platform modules already initialized, skipping
Refreshing native plugins compatible for Editor in 1.89 ms, found 3 plugins.
Preloading 0 native plugins for Editor in 0.00 ms.
Unloading 2125 Unused Serialized files (Serialized files now loaded: 0)
Unloading 17 unused Assets / (24.6 KB). Loaded Objects now: 2662.
Memory consumption went from 104.3 MB to 104.3 MB.
Total: 3.006500 ms (FindLiveObjects: 0.156900 ms CreateObjectMapping: 0.070800 ms MarkObjects: 2.757400 ms  DeleteObjects: 0.020500 ms)

AssetImportParameters requested are different than current active one (requested -> active):
  custom:video-decoder-ogg-theora: a1e56fd34408186e4bbccfd4996cb3dc -> 
  custom:container-muxer-webm: aa71ff27fc2769a1b78a27578f13a17b -> 
  custom:container-demuxer-webm: 4f35f7cbe854078d1ac9338744f61a02 -> 
  custom:video-encoder-webm-vp8: eb34c28f22e8b96e1ab97ce403110664 -> 
  custom:audio-encoder-webm-vorbis: bf7c407c2cedff20999df2af8eb42d56 -> 
  custom:framework-win-MediaFoundation: 216162199b28c13a410421893ffa2e32 -> 
  custom:container-demuxer-ogg: 62fdf1f143b41e24485cea50d1cbac27 -> 
  custom:video-decoder-webm-vp8: 9c59270c3fd7afecdb556c50c9e8de78 -> 
  custom:audio-decoder-ogg-vorbis: bf7c407c2cedff20999df2af8eb42d56 -> 
========================================================================
Received Import Request.
  Time since last request: 590.775719 seconds.
  path: Assets/Scenes/aminations/idle left.anim
  artifactKey: Guid(e5a63b9c1f56e99489774f00589ad4f9) Importer(815301076,1909f56bfc062723c751e8b465ee728b)
Start importing Assets/Scenes/aminations/idle left.anim using Guid(e5a63b9c1f56e99489774f00589ad4f9) Importer(815301076,1909f56bfc062723c751e8b465ee728b)  -> (artifact id: '9e392f1791f446ad95fed24b07c645d1') in 0.021221 seconds 
========================================================================
Received Prepare
Registering precompiled user dll's ...
Registered in 0.005127 seconds.
Begin MonoManager ReloadAssembly
Native extension for WindowsStandalone target not found
Native extension for OSXStandalone target not found
Refreshing native plugins compatible for Editor in 0.58 ms, found 3 plugins.
Preloading 0 native plugins for Editor in 0.00 ms.
Mono: successfully reloaded assembly
- Completed reload, in  0.900 seconds
Domain Reload Profiling:
	ReloadAssembly (900ms)
		BeginReloadAssembly (136ms)
			ExecutionOrderSort (0ms)
			DisableScriptedObjects (10ms)
			BackupInstance (0ms)
			ReleaseScriptingObjects (0ms)
			CreateAndSetChildDomain (34ms)
		EndReloadAssembly (655ms)
			LoadAssemblies (84ms)
			RebuildTransferFunctionScriptingTraits (0ms)
			SetupTypeCache (164ms)
			ReleaseScriptCaches (1ms)
			RebuildScriptCaches (42ms)
			SetupLoadedEditorAssemblies (322ms)
				LogAssemblyErrors (0ms)
				InitializePlatformSupportModulesInManaged (17ms)
				SetLoadedEditorAssemblies (0ms)
				RefreshPlugins (1ms)
				BeforeProcessingInitializeOnLoad (58ms)
				ProcessInitializeOnLoadAttributes (206ms)
				ProcessInitializeOnLoadMethodAttributes (31ms)
				AfterProcessingInitializeOnLoad (9ms)
				EditorAssembliesLoaded (0ms)
			ExecutionOrderSort2 (0ms)
			AwakeInstancesAfterBackupRestoration (11ms)
Platform modules already initialized, skipping
Refreshing native plugins compatible for Editor in 1.89 ms, found 3 plugins.
Preloading 0 native plugins for Editor in 0.00 ms.
Unloading 2125 Unused Serialized files (Serialized files now loaded: 0)
Unloading 17 unused Assets / (24.6 KB). Loaded Objects now: 2665.
Memory consumption went from 104.3 MB to 104.3 MB.
Total: 2.818700 ms (FindLiveObjects: 0.151000 ms CreateObjectMapping: 0.069000 ms MarkObjects: 2.578500 ms  DeleteObjects: 0.019200 ms)

AssetImportParameters requested are different than current active one (requested -> active):
  custom:video-decoder-ogg-theora: a1e56fd34408186e4bbccfd4996cb3dc -> 
  custom:container-muxer-webm: aa71ff27fc2769a1b78a27578f13a17b -> 
  custom:container-demuxer-webm: 4f35f7cbe854078d1ac9338744f61a02 -> 
  custom:video-encoder-webm-vp8: eb34c28f22e8b96e1ab97ce403110664 -> 
  custom:audio-encoder-webm-vorbis: bf7c407c2cedff20999df2af8eb42d56 -> 
  custom:framework-win-MediaFoundation: 216162199b28c13a410421893ffa2e32 -> 
  custom:container-demuxer-ogg: 62fdf1f143b41e24485cea50d1cbac27 -> 
  custom:video-decoder-webm-vp8: 9c59270c3fd7afecdb556c50c9e8de78 -> 
  custom:audio-decoder-ogg-vorbis: bf7c407c2cedff20999df2af8eb42d56 -> 
========================================================================
Received Prepare
Registering precompiled user dll's ...
Registered in 0.004785 seconds.
Begin MonoManager ReloadAssembly
Native extension for WindowsStandalone target not found
Native extension for OSXStandalone target not found
Refreshing native plugins compatible for Editor in 0.54 ms, found 3 plugins.
Preloading 0 native plugins for Editor in 0.00 ms.
Mono: successfully reloaded assembly
- Completed reload, in  0.858 seconds
Domain Reload Profiling:
	ReloadAssembly (859ms)
		BeginReloadAssembly (119ms)
			ExecutionOrderSort (0ms)
			DisableScriptedObjects (7ms)
			BackupInstance (0ms)
			ReleaseScriptingObjects (0ms)
			CreateAndSetChildDomain (29ms)
		EndReloadAssembly (648ms)
			LoadAssemblies (74ms)
			RebuildTransferFunctionScriptingTraits (0ms)
			SetupTypeCache (161ms)
			ReleaseScriptCaches (1ms)
			RebuildScriptCaches (37ms)
			SetupLoadedEditorAssemblies (327ms)
				LogAssemblyErrors (0ms)
				InitializePlatformSupportModulesInManaged (18ms)
				SetLoadedEditorAssemblies (0ms)
				RefreshPlugins (1ms)
				BeforeProcessingInitializeOnLoad (63ms)
				ProcessInitializeOnLoadAttributes (199ms)
				ProcessInitializeOnLoadMethodAttributes (34ms)
				AfterProcessingInitializeOnLoad (11ms)
				EditorAssembliesLoaded (0ms)
			ExecutionOrderSort2 (0ms)
			AwakeInstancesAfterBackupRestoration (10ms)
Platform modules already initialized, skipping
Refreshing native plugins compatible for Editor in 2.05 ms, found 3 plugins.
Preloading 0 native plugins for Editor in 0.00 ms.
Unloading 2125 Unused Serialized files (Serialized files now loaded: 0)
Unloading 17 unused Assets / (24.6 KB). Loaded Objects now: 2668.
Memory consumption went from 104.3 MB to 104.3 MB.
Total: 2.860100 ms (FindLiveObjects: 0.153700 ms CreateObjectMapping: 0.066400 ms MarkObjects: 2.618900 ms  DeleteObjects: 0.020300 ms)

AssetImportParameters requested are different than current active one (requested -> active):
  custom:video-decoder-ogg-theora: a1e56fd34408186e4bbccfd4996cb3dc -> 
  custom:container-muxer-webm: aa71ff27fc2769a1b78a27578f13a17b -> 
  custom:container-demuxer-webm: 4f35f7cbe854078d1ac9338744f61a02 -> 
  custom:video-encoder-webm-vp8: eb34c28f22e8b96e1ab97ce403110664 -> 
  custom:audio-encoder-webm-vorbis: bf7c407c2cedff20999df2af8eb42d56 -> 
  custom:framework-win-MediaFoundation: 216162199b28c13a410421893ffa2e32 -> 
  custom:container-demuxer-ogg: 62fdf1f143b41e24485cea50d1cbac27 -> 
  custom:video-decoder-webm-vp8: 9c59270c3fd7afecdb556c50c9e8de78 -> 
  custom:audio-decoder-ogg-vorbis: bf7c407c2cedff20999df2af8eb42d56 -> 
========================================================================
Received Prepare
Registering precompiled user dll's ...
Registered in 0.006087 seconds.
Begin MonoManager ReloadAssembly
Native extension for WindowsStandalone target not found
Native extension for OSXStandalone target not found
Refreshing native plugins compatible for Editor in 0.53 ms, found 3 plugins.
Preloading 0 native plugins for Editor in 0.00 ms.
Mono: successfully reloaded assembly
- Completed reload, in  0.954 seconds
Domain Reload Profiling:
	ReloadAssembly (955ms)
		BeginReloadAssembly (136ms)
			ExecutionOrderSort (0ms)
			DisableScriptedObjects (7ms)
			BackupInstance (0ms)
			ReleaseScriptingObjects (0ms)
			CreateAndSetChildDomain (33ms)
		EndReloadAssembly (712ms)
			LoadAssemblies (81ms)
			RebuildTransferFunctionScriptingTraits (0ms)
			SetupTypeCache (184ms)
			ReleaseScriptCaches (1ms)
			RebuildScriptCaches (45ms)
			SetupLoadedEditorAssemblies (354ms)
				LogAssemblyErrors (0ms)
				InitializePlatformSupportModulesInManaged (16ms)
				SetLoadedEditorAssemblies (0ms)
				RefreshPlugins (1ms)
				BeforeProcessingInitializeOnLoad (66ms)
				ProcessInitializeOnLoadAttributes (224ms)
				ProcessInitializeOnLoadMethodAttributes (37ms)
				AfterProcessingInitializeOnLoad (9ms)
				EditorAssembliesLoaded (0ms)
			ExecutionOrderSort2 (0ms)
			AwakeInstancesAfterBackupRestoration (12ms)
Platform modules already initialized, skipping
Refreshing native plugins compatible for Editor in 2.01 ms, found 3 plugins.
Preloading 0 native plugins for Editor in 0.00 ms.
Unloading 2125 Unused Serialized files (Serialized files now loaded: 0)
Unloading 17 unused Assets / (24.7 KB). Loaded Objects now: 2671.
Memory consumption went from 104.3 MB to 104.3 MB.
Total: 3.102000 ms (FindLiveObjects: 0.178700 ms CreateObjectMapping: 0.129300 ms MarkObjects: 2.771400 ms  DeleteObjects: 0.021700 ms)

AssetImportParameters requested are different than current active one (requested -> active):
  custom:video-decoder-ogg-theora: a1e56fd34408186e4bbccfd4996cb3dc -> 
  custom:container-muxer-webm: aa71ff27fc2769a1b78a27578f13a17b -> 
  custom:container-demuxer-webm: 4f35f7cbe854078d1ac9338744f61a02 -> 
  custom:video-encoder-webm-vp8: eb34c28f22e8b96e1ab97ce403110664 -> 
  custom:audio-encoder-webm-vorbis: bf7c407c2cedff20999df2af8eb42d56 -> 
  custom:framework-win-MediaFoundation: 216162199b28c13a410421893ffa2e32 -> 
  custom:container-demuxer-ogg: 62fdf1f143b41e24485cea50d1cbac27 -> 
  custom:video-decoder-webm-vp8: 9c59270c3fd7afecdb556c50c9e8de78 -> 
  custom:audio-decoder-ogg-vorbis: bf7c407c2cedff20999df2af8eb42d56 -> 
========================================================================
Received Prepare
Registering precompiled user dll's ...
Registered in 0.004775 seconds.
Begin MonoManager ReloadAssembly
Native extension for WindowsStandalone target not found
Native extension for OSXStandalone target not found
Refreshing native plugins compatible for Editor in 0.52 ms, found 3 plugins.
Preloading 0 native plugins for Editor in 0.00 ms.
Mono: successfully reloaded assembly
- Completed reload, in  1.020 seconds
Domain Reload Profiling:
	ReloadAssembly (1021ms)
		BeginReloadAssembly (132ms)
			ExecutionOrderSort (0ms)
			DisableScriptedObjects (7ms)
			BackupInstance (0ms)
			ReleaseScriptingObjects (0ms)
			CreateAndSetChildDomain (34ms)
		EndReloadAssembly (787ms)
			LoadAssemblies (79ms)
			RebuildTransferFunctionScriptingTraits (0ms)
			SetupTypeCache (216ms)
			ReleaseScriptCaches (1ms)
			RebuildScriptCaches (43ms)
			SetupLoadedEditorAssemblies (396ms)
				LogAssemblyErrors (0ms)
				InitializePlatformSupportModulesInManaged (19ms)
				SetLoadedEditorAssemblies (1ms)
				RefreshPlugins (1ms)
				BeforeProcessingInitializeOnLoad (85ms)
				ProcessInitializeOnLoadAttributes (245ms)
				ProcessInitializeOnLoadMethodAttributes (33ms)
				AfterProcessingInitializeOnLoad (13ms)
				EditorAssembliesLoaded (0ms)
			ExecutionOrderSort2 (0ms)
			AwakeInstancesAfterBackupRestoration (11ms)
Platform modules already initialized, skipping
Refreshing native plugins compatible for Editor in 1.91 ms, found 3 plugins.
Preloading 0 native plugins for Editor in 0.00 ms.
Unloading 2125 Unused Serialized files (Serialized files now loaded: 0)
Unloading 17 unused Assets / (24.7 KB). Loaded Objects now: 2674.
Memory consumption went from 104.3 MB to 104.3 MB.
Total: 2.872900 ms (FindLiveObjects: 0.154000 ms CreateObjectMapping: 0.063500 ms MarkObjects: 2.634900 ms  DeleteObjects: 0.019600 ms)

AssetImportParameters requested are different than current active one (requested -> active):
  custom:video-decoder-ogg-theora: a1e56fd34408186e4bbccfd4996cb3dc -> 
  custom:container-muxer-webm: aa71ff27fc2769a1b78a27578f13a17b -> 
  custom:container-demuxer-webm: 4f35f7cbe854078d1ac9338744f61a02 -> 
  custom:video-encoder-webm-vp8: eb34c28f22e8b96e1ab97ce403110664 -> 
  custom:audio-encoder-webm-vorbis: bf7c407c2cedff20999df2af8eb42d56 -> 
  custom:framework-win-MediaFoundation: 216162199b28c13a410421893ffa2e32 -> 
  custom:container-demuxer-ogg: 62fdf1f143b41e24485cea50d1cbac27 -> 
  custom:video-decoder-webm-vp8: 9c59270c3fd7afecdb556c50c9e8de78 -> 
  custom:audio-decoder-ogg-vorbis: bf7c407c2cedff20999df2af8eb42d56 -> 
========================================================================
Received Prepare
Registering precompiled user dll's ...
Registered in 0.006011 seconds.
Begin MonoManager ReloadAssembly
Native extension for WindowsStandalone target not found
Native extension for OSXStandalone target not found
Refreshing native plugins compatible for Editor in 0.52 ms, found 3 plugins.
Preloading 0 native plugins for Editor in 0.00 ms.
Mono: successfully reloaded assembly
- Completed reload, in  0.942 seconds
Domain Reload Profiling:
	ReloadAssembly (943ms)
		BeginReloadAssembly (130ms)
			ExecutionOrderSort (0ms)
			DisableScriptedObjects (10ms)
			BackupInstance (0ms)
			ReleaseScriptingObjects (0ms)
			CreateAndSetChildDomain (31ms)
		EndReloadAssembly (704ms)
			LoadAssemblies (78ms)
			RebuildTransferFunctionScriptingTraits (0ms)
			SetupTypeCache (181ms)
			ReleaseScriptCaches (1ms)
			RebuildScriptCaches (37ms)
			SetupLoadedEditorAssemblies (346ms)
				LogAssemblyErrors (0ms)
				InitializePlatformSupportModulesInManaged (18ms)
				SetLoadedEditorAssemblies (0ms)
				RefreshPlugins (1ms)
				BeforeProcessingInitializeOnLoad (65ms)
				ProcessInitializeOnLoadAttributes (215ms)
				ProcessInitializeOnLoadMethodAttributes (35ms)
				AfterProcessingInitializeOnLoad (12ms)
				EditorAssembliesLoaded (0ms)
			ExecutionOrderSort2 (0ms)
			AwakeInstancesAfterBackupRestoration (13ms)
Platform modules already initialized, skipping
Refreshing native plugins compatible for Editor in 1.90 ms, found 3 plugins.
Preloading 0 native plugins for Editor in 0.00 ms.
Unloading 2125 Unused Serialized files (Serialized files now loaded: 0)
Unloading 17 unused Assets / (24.7 KB). Loaded Objects now: 2677.
Memory consumption went from 104.3 MB to 104.3 MB.
Total: 3.291300 ms (FindLiveObjects: 0.207300 ms CreateObjectMapping: 0.115100 ms MarkObjects: 2.945000 ms  DeleteObjects: 0.022900 ms)

AssetImportParameters requested are different than current active one (requested -> active):
  custom:video-decoder-ogg-theora: a1e56fd34408186e4bbccfd4996cb3dc -> 
  custom:container-muxer-webm: aa71ff27fc2769a1b78a27578f13a17b -> 
  custom:container-demuxer-webm: 4f35f7cbe854078d1ac9338744f61a02 -> 
  custom:video-encoder-webm-vp8: eb34c28f22e8b96e1ab97ce403110664 -> 
  custom:audio-encoder-webm-vorbis: bf7c407c2cedff20999df2af8eb42d56 -> 
  custom:framework-win-MediaFoundation: 216162199b28c13a410421893ffa2e32 -> 
  custom:container-demuxer-ogg: 62fdf1f143b41e24485cea50d1cbac27 -> 
  custom:video-decoder-webm-vp8: 9c59270c3fd7afecdb556c50c9e8de78 -> 
  custom:audio-decoder-ogg-vorbis: bf7c407c2cedff20999df2af8eb42d56 -> 
========================================================================
Received Import Request.
  Time since last request: 524.228678 seconds.
  path: Assets/Scenes/aminations/idle front.anim
  artifactKey: Guid(0e56080be3946414090ed21a421714d6) Importer(815301076,1909f56bfc062723c751e8b465ee728b)
Start importing Assets/Scenes/aminations/idle front.anim using Guid(0e56080be3946414090ed21a421714d6) Importer(815301076,1909f56bfc062723c751e8b465ee728b)  -> (artifact id: '4b76d23d402c9806392554088d3f92df') in 0.022783 seconds 
========================================================================
Received Import Request.
  Time since last request: 115.985835 seconds.
  path: Assets/Scenes/aminations/idle left 1.anim
  artifactKey: Guid(fc7d179d4ba10fc4cbac2a9f08a31a1d) Importer(815301076,1909f56bfc062723c751e8b465ee728b)
Start importing Assets/Scenes/aminations/idle left 1.anim using Guid(fc7d179d4ba10fc4cbac2a9f08a31a1d) Importer(815301076,1909f56bfc062723c751e8b465ee728b)  -> (artifact id: '8ed6d92deab2d731c6efe9a812538572') in 0.008473 seconds 
========================================================================
Received Import Request.
  Time since last request: 0.823057 seconds.
  path: Assets/Scenes/aminations/idle left 2.anim
  artifactKey: Guid(82c8d700ac421264f9d2abe33b4f0f0b) Importer(815301076,1909f56bfc062723c751e8b465ee728b)
Start importing Assets/Scenes/aminations/idle left 2.anim using Guid(82c8d700ac421264f9d2abe33b4f0f0b) Importer(815301076,1909f56bfc062723c751e8b465ee728b)  -> (artifact id: '2f4422c58f6d612d1ad1ab3426cdeb59') in 0.007182 seconds 
========================================================================
Received Import Request.
  Time since last request: 34.447249 seconds.
  path: Assets/Scenes/aminations/idle back.anim
  artifactKey: Guid(fc7d179d4ba10fc4cbac2a9f08a31a1d) Importer(815301076,1909f56bfc062723c751e8b465ee728b)
Start importing Assets/Scenes/aminations/idle back.anim using Guid(fc7d179d4ba10fc4cbac2a9f08a31a1d) Importer(815301076,1909f56bfc062723c751e8b465ee728b)  -> (artifact id: '274b9a4d6457c1973725bbc09746867d') in 0.006825 seconds 
========================================================================
Received Import Request.
  Time since last request: 16.203912 seconds.
  path: Assets/Scenes/aminations/idle right.anim
  artifactKey: Guid(82c8d700ac421264f9d2abe33b4f0f0b) Importer(815301076,1909f56bfc062723c751e8b465ee728b)
Start importing Assets/Scenes/aminations/idle right.anim using Guid(82c8d700ac421264f9d2abe33b4f0f0b) Importer(815301076,1909f56bfc062723c751e8b465ee728b)  -> (artifact id: '538b1f7d2bcf85fd3e08dd3c91cca97d') in 0.006931 seconds 
========================================================================
Received Import Request.
  Time since last request: 7.165362 seconds.
  path: Assets/Scenes/aminations/idle front.anim
  artifactKey: Guid(0e56080be3946414090ed21a421714d6) Importer(815301076,1909f56bfc062723c751e8b465ee728b)
Start importing Assets/Scenes/aminations/idle front.anim using Guid(0e56080be3946414090ed21a421714d6) Importer(815301076,1909f56bfc062723c751e8b465ee728b)  -> (artifact id: '41e44edec9903297817afd7e9cd63481') in 0.002789 seconds 
========================================================================
Received Import Request.
  Time since last request: 0.902110 seconds.
  path: Assets/Scenes/aminations/idle left.anim
  artifactKey: Guid(e5a63b9c1f56e99489774f00589ad4f9) Importer(815301076,1909f56bfc062723c751e8b465ee728b)
Start importing Assets/Scenes/aminations/idle left.anim using Guid(e5a63b9c1f56e99489774f00589ad4f9) Importer(815301076,1909f56bfc062723c751e8b465ee728b)  -> (artifact id: '835588bc06a5b8c798602566d5360693') in 0.004369 seconds 
========================================================================
Received Import Request.
  Time since last request: 0.426629 seconds.
  path: Assets/Scenes/aminations/Player.controller
  artifactKey: Guid(ebf44dce935b8400282fb17b573623b0) Importer(815301076,1909f56bfc062723c751e8b465ee728b)
Start importing Assets/Scenes/aminations/Player.controller using Guid(ebf44dce935b8400282fb17b573623b0) Importer(815301076,1909f56bfc062723c751e8b465ee728b)  -> (artifact id: 'e742ee862b6d4cfc3f5adcd8f1e29fd7') in 0.005679 seconds 
